<?xml version="1.0" encoding="UTF-8"?>
<testng-results skipped="0" failed="0" ignored="0" total="1" passed="1">
  <reporter-output>
  </reporter-output>
  <suite name="Default suite" duration-ms="13168" started-at="2019-06-08T10:02:14Z" finished-at="2019-06-08T10:02:27Z">
    <groups>
    </groups>
    <test name="Default test" duration-ms="13168" started-at="2019-06-08T10:02:14Z" finished-at="2019-06-08T10:02:27Z">
      <class name="extentReportDemos.E_extentLogwithScreenshot">
        <test-method status="PASS" signature="logWithScreenshot()[pri:0, instance:extentReportDemos.E_extentLogwithScreenshot@3532ec19]" name="logWithScreenshot" duration-ms="13086" started-at="2019-06-08T10:02:14Z" finished-at="2019-06-08T10:02:27Z">
          <reporter-output>
          </reporter-output>
        </test-method> <!-- logWithScreenshot -->
      </class> <!-- extentReportDemos.E_extentLogwithScreenshot -->
    </test> <!-- Default test -->
  </suite> <!-- Default suite -->
</testng-results>
